ERROR 2025-11-16 11:37:40,245 log 21036 4404 Invalid HTTP_HOST header: 'testserver'. You may need to add 'testserver' to ALLOWED_HOSTS.
Traceback (most recent call last):
  File "C:\Users\Yvonne\AppData\Roaming\Python\Python313\site-packages\django\core\handlers\exception.py", line 55, in inner
    response = get_response(request)
  File "C:\Users\Yvonne\AppData\Roaming\Python\Python313\site-packages\django\utils\deprecation.py", line 119, in __call__
    response = self.process_request(request)
  File "C:\Users\Yvonne\AppData\Roaming\Python\Python313\site-packages\django\middleware\security.py", line 28, in process_request
    host = self.redirect_host or request.get_host()
                                 ~~~~~~~~~~~~~~~~^^
  File "C:\Users\Yvonne\AppData\Roaming\Python\Python313\site-packages\django\http\request.py", line 202, in get_host
    raise DisallowedHost(msg)
django.core.exceptions.DisallowedHost: Invalid HTTP_HOST header: 'testserver'. You may need to add 'testserver' to ALLOWED_HOSTS.
ERROR 2025-11-16 11:37:40,346 log 21036 4404 Invalid HTTP_HOST header: 'testserver'. You may need to add 'testserver' to ALLOWED_HOSTS.
Traceback (most recent call last):
  File "C:\Users\Yvonne\AppData\Roaming\Python\Python313\site-packages\django\core\handlers\exception.py", line 55, in inner
    response = get_response(request)
  File "C:\Users\Yvonne\AppData\Roaming\Python\Python313\site-packages\django\utils\deprecation.py", line 119, in __call__
    response = self.process_request(request)
  File "C:\Users\Yvonne\AppData\Roaming\Python\Python313\site-packages\django\middleware\security.py", line 28, in process_request
    host = self.redirect_host or request.get_host()
                                 ~~~~~~~~~~~~~~~~^^
  File "C:\Users\Yvonne\AppData\Roaming\Python\Python313\site-packages\django\http\request.py", line 202, in get_host
    raise DisallowedHost(msg)
django.core.exceptions.DisallowedHost: Invalid HTTP_HOST header: 'testserver'. You may need to add 'testserver' to ALLOWED_HOSTS.
ERROR 2025-11-16 11:37:42,601 log 21036 4404 Invalid HTTP_HOST header: 'testserver'. You may need to add 'testserver' to ALLOWED_HOSTS.
Traceback (most recent call last):
  File "C:\Users\Yvonne\AppData\Roaming\Python\Python313\site-packages\django\core\handlers\exception.py", line 55, in inner
    response = get_response(request)
  File "C:\Users\Yvonne\AppData\Roaming\Python\Python313\site-packages\django\utils\deprecation.py", line 119, in __call__
    response = self.process_request(request)
  File "C:\Users\Yvonne\AppData\Roaming\Python\Python313\site-packages\django\middleware\security.py", line 28, in process_request
    host = self.redirect_host or request.get_host()
                                 ~~~~~~~~~~~~~~~~^^
  File "C:\Users\Yvonne\AppData\Roaming\Python\Python313\site-packages\django\http\request.py", line 202, in get_host
    raise DisallowedHost(msg)
django.core.exceptions.DisallowedHost: Invalid HTTP_HOST header: 'testserver'. You may need to add 'testserver' to ALLOWED_HOSTS.
ERROR 2025-11-16 11:37:42,604 log 21036 4404 Invalid HTTP_HOST header: 'testserver'. You may need to add 'testserver' to ALLOWED_HOSTS.
Traceback (most recent call last):
  File "C:\Users\Yvonne\AppData\Roaming\Python\Python313\site-packages\django\core\handlers\exception.py", line 55, in inner
    response = get_response(request)
  File "C:\Users\Yvonne\AppData\Roaming\Python\Python313\site-packages\django\utils\deprecation.py", line 119, in __call__
    response = self.process_request(request)
  File "C:\Users\Yvonne\AppData\Roaming\Python\Python313\site-packages\django\middleware\security.py", line 28, in process_request
    host = self.redirect_host or request.get_host()
                                 ~~~~~~~~~~~~~~~~^^
  File "C:\Users\Yvonne\AppData\Roaming\Python\Python313\site-packages\django\http\request.py", line 202, in get_host
    raise DisallowedHost(msg)
django.core.exceptions.DisallowedHost: Invalid HTTP_HOST header: 'testserver'. You may need to add 'testserver' to ALLOWED_HOSTS.
ERROR 2025-11-16 11:37:44,640 log 21036 4404 Invalid HTTP_HOST header: 'testserver'. You may need to add 'testserver' to ALLOWED_HOSTS.
Traceback (most recent call last):
  File "C:\Users\Yvonne\AppData\Roaming\Python\Python313\site-packages\django\core\handlers\exception.py", line 55, in inner
    response = get_response(request)
  File "C:\Users\Yvonne\AppData\Roaming\Python\Python313\site-packages\django\utils\deprecation.py", line 119, in __call__
    response = self.process_request(request)
  File "C:\Users\Yvonne\AppData\Roaming\Python\Python313\site-packages\django\middleware\security.py", line 28, in process_request
    host = self.redirect_host or request.get_host()
                                 ~~~~~~~~~~~~~~~~^^
  File "C:\Users\Yvonne\AppData\Roaming\Python\Python313\site-packages\django\http\request.py", line 202, in get_host
    raise DisallowedHost(msg)
django.core.exceptions.DisallowedHost: Invalid HTTP_HOST header: 'testserver'. You may need to add 'testserver' to ALLOWED_HOSTS.
ERROR 2025-11-16 11:37:44,643 log 21036 4404 Invalid HTTP_HOST header: 'testserver'. You may need to add 'testserver' to ALLOWED_HOSTS.
Traceback (most recent call last):
  File "C:\Users\Yvonne\AppData\Roaming\Python\Python313\site-packages\django\core\handlers\exception.py", line 55, in inner
    response = get_response(request)
  File "C:\Users\Yvonne\AppData\Roaming\Python\Python313\site-packages\django\utils\deprecation.py", line 119, in __call__
    response = self.process_request(request)
  File "C:\Users\Yvonne\AppData\Roaming\Python\Python313\site-packages\django\middleware\security.py", line 28, in process_request
    host = self.redirect_host or request.get_host()
                                 ~~~~~~~~~~~~~~~~^^
  File "C:\Users\Yvonne\AppData\Roaming\Python\Python313\site-packages\django\http\request.py", line 202, in get_host
    raise DisallowedHost(msg)
django.core.exceptions.DisallowedHost: Invalid HTTP_HOST header: 'testserver'. You may need to add 'testserver' to ALLOWED_HOSTS.
ERROR 2025-11-16 11:37:44,664 log 21036 4404 Invalid HTTP_HOST header: 'testserver'. You may need to add 'testserver' to ALLOWED_HOSTS.
Traceback (most recent call last):
  File "C:\Users\Yvonne\AppData\Roaming\Python\Python313\site-packages\django\core\handlers\exception.py", line 55, in inner
    response = get_response(request)
  File "C:\Users\Yvonne\AppData\Roaming\Python\Python313\site-packages\django\utils\deprecation.py", line 119, in __call__
    response = self.process_request(request)
  File "C:\Users\Yvonne\AppData\Roaming\Python\Python313\site-packages\django\middleware\security.py", line 28, in process_request
    host = self.redirect_host or request.get_host()
                                 ~~~~~~~~~~~~~~~~^^
  File "C:\Users\Yvonne\AppData\Roaming\Python\Python313\site-packages\django\http\request.py", line 202, in get_host
    raise DisallowedHost(msg)
django.core.exceptions.DisallowedHost: Invalid HTTP_HOST header: 'testserver'. You may need to add 'testserver' to ALLOWED_HOSTS.
